2024/12/09 13:02:43 [error] [exception.CHttpException.404] CHttpException: Unable to resolve the request "gii". in /Applications/MAMP/htdocs/emp_system/framework/web/CWebApplication.php:286
Stack trace:
#0 /Applications/MAMP/htdocs/emp_system/framework/web/CWebApplication.php(141): CWebApplication->runController('gii')
#1 /Applications/MAMP/htdocs/emp_system/framework/base/CApplication.php(185): CWebApplication->processRequest()
#2 /Applications/MAMP/htdocs/emp_system/testdrive/index.php(13): CApplication->run()
#3 {main}
REQUEST_URI=/emp_system/testdrive/index.php?r=gii
---
2024/12/09 13:04:41 [error] [exception.CDbException] CDbException: CDbConnection failed to open the DB connection: SQLSTATE[HY000] [1049] Unknown database 'testdrive' in /Applications/MAMP/htdocs/emp_system/framework/db/CDbConnection.php:399
Stack trace:
#0 /Applications/MAMP/htdocs/emp_system/framework/db/CDbConnection.php(347): CDbConnection->open()
#1 /Applications/MAMP/htdocs/emp_system/framework/db/CDbConnection.php(325): CDbConnection->setActive(true)
#2 /Applications/MAMP/htdocs/emp_system/framework/base/CModule.php(394): CDbConnection->init()
#3 /Applications/MAMP/htdocs/emp_system/framework/base/CModule.php(103): CModule->getComponent('db')
#4 /Applications/MAMP/htdocs/emp_system/framework/gii/generators/model/ModelCode.php(60): CModule->__get('db')
#5 /Applications/MAMP/htdocs/emp_system/framework/web/CFormModel.php(39): ModelCode->init()
#6 /Applications/MAMP/htdocs/emp_system/framework/gii/CCodeGenerator.php(153): CFormModel->__construct()
#7 /Applications/MAMP/htdocs/emp_system/framework/gii/CCodeGenerator.php(63): CCodeGenerator->prepare()
#8 /Applications/MAMP/htdocs/emp_system/framework/web/actions/CInlineAction.php(49): CCodeGenerator->actionIndex()
#9 /Applications/MAMP/htdocs/emp_system/framework/web/CController.php(308): CInlineAction->runWithParams(Array)
#10 /Applications/MAMP/htdocs/emp_system/framework/web/CController.php(286): CController->runAction(Object(CInlineAction))
#11 /Applications/MAMP/htdocs/emp_system/framework/web/CController.php(265): CController->runActionWithFilters(Object(CInlineAction), Array)
#12 /Applications/MAMP/htdocs/emp_system/framework/web/CWebApplication.php(282): CController->run('index')
#13 /Applications/MAMP/htdocs/emp_system/framework/web/CWebApplication.php(141): CWebApplication->runController('gii/model/index')
#14 /Applications/MAMP/htdocs/emp_system/framework/base/CApplication.php(185): CWebApplication->processRequest()
#15 /Applications/MAMP/htdocs/emp_system/testdrive/index.php(13): CApplication->run()
#16 {main}
REQUEST_URI=/emp_system/testdrive/index.php?r=gii/model/index
HTTP_REFERER=http://localhost/emp_system/testdrive/index.php?r=gii/default/index
---
2024/12/09 13:25:00 [warning] [application] Failed to set unsafe attribute "username" of "LoginForm".
in /Applications/MAMP/htdocs/emp_system/testdrive/protected/controllers/SiteController.php (92)
in /Applications/MAMP/htdocs/emp_system/testdrive/index.php (13)
2024/12/09 13:25:00 [error] [exception.CException] CException: Property "LoginForm.email" is not defined. in /Applications/MAMP/htdocs/emp_system/framework/base/CComponent.php:130
Stack trace:
#0 /Applications/MAMP/htdocs/emp_system/framework/validators/CRequiredValidator.php(58): CComponent->__get('email')
#1 /Applications/MAMP/htdocs/emp_system/framework/validators/CValidator.php(201): CRequiredValidator->validateAttribute(Object(LoginForm), 'email')
#2 /Applications/MAMP/htdocs/emp_system/framework/base/CModel.php(159): CValidator->validate(Object(LoginForm), Array)
#3 /Applications/MAMP/htdocs/emp_system/testdrive/protected/controllers/SiteController.php(94): CModel->validate()
#4 /Applications/MAMP/htdocs/emp_system/framework/web/actions/CInlineAction.php(49): SiteController->actionLogin()
#5 /Applications/MAMP/htdocs/emp_system/framework/web/CController.php(308): CInlineAction->runWithParams(Array)
#6 /Applications/MAMP/htdocs/emp_system/framework/web/CController.php(286): CController->runAction(Object(CInlineAction))
#7 /Applications/MAMP/htdocs/emp_system/framework/web/CController.php(265): CController->runActionWithFilters(Object(CInlineAction), Array)
#8 /Applications/MAMP/htdocs/emp_system/framework/web/CWebApplication.php(282): CController->run('login')
#9 /Applications/MAMP/htdocs/emp_system/framework/web/CWebApplication.php(141): CWebApplication->runController('site/login')
#10 /Applications/MAMP/htdocs/emp_system/framework/base/CApplication.php(185): CWebApplication->processRequest()
#11 /Applications/MAMP/htdocs/emp_system/testdrive/index.php(13): CApplication->run()
#12 {main}
REQUEST_URI=/emp_system/testdrive/index.php?r=site/login
HTTP_REFERER=http://localhost/emp_system/testdrive/index.php?r=site/login
---
2024/12/09 13:29:09 [error] [exception.CHttpException.403] CHttpException: You are not authorized to perform this action. in /Applications/MAMP/htdocs/yii1.1/framework/web/auth/CAccessControlFilter.php:183
Stack trace:
#0 /Applications/MAMP/htdocs/yii1.1/framework/web/auth/CAccessControlFilter.php(145): CAccessControlFilter->accessDenied(Object(CWebUser), 'You are not aut...')
#1 /Applications/MAMP/htdocs/yii1.1/framework/web/filters/CFilter.php(38): CAccessControlFilter->preFilter(Object(CFilterChain))
#2 /Applications/MAMP/htdocs/yii1.1/framework/web/CController.php(1148): CFilter->filter(Object(CFilterChain))
#3 /Applications/MAMP/htdocs/yii1.1/framework/web/filters/CInlineFilter.php(58): CController->filterAccessControl(Object(CFilterChain))
#4 /Applications/MAMP/htdocs/yii1.1/framework/web/filters/CFilterChain.php(131): CInlineFilter->filter(Object(CFilterChain))
#5 /Applications/MAMP/htdocs/yii1.1/framework/web/CController.php(291): CFilterChain->run()
#6 /Applications/MAMP/htdocs/yii1.1/framework/web/CController.php(265): CController->runActionWithFilters(Object(CInlineAction), Array)
#7 /Applications/MAMP/htdocs/yii1.1/framework/web/CWebApplication.php(282): CController->run('admin')
#8 /Applications/MAMP/htdocs/yii1.1/framework/web/CWebApplication.php(141): CWebApplication->runController('emp/admin')
#9 /Applications/MAMP/htdocs/yii1.1/framework/base/CApplication.php(185): CWebApplication->processRequest()
#10 /Applications/MAMP/htdocs/yii1.1/emp_system/index.php(13): CApplication->run()
#11 {main}
REQUEST_URI=/yii1.1/emp_system/index.php?r=emp/admin
HTTP_REFERER=http://localhost/yii1.1/emp_system/index.php?r=site/login
---
2024/12/09 13:29:22 [error] [exception.CHttpException.403] CHttpException: You are not authorized to perform this action. in /Applications/MAMP/htdocs/yii1.1/framework/web/auth/CAccessControlFilter.php:183
Stack trace:
#0 /Applications/MAMP/htdocs/yii1.1/framework/web/auth/CAccessControlFilter.php(145): CAccessControlFilter->accessDenied(Object(CWebUser), 'You are not aut...')
#1 /Applications/MAMP/htdocs/yii1.1/framework/web/filters/CFilter.php(38): CAccessControlFilter->preFilter(Object(CFilterChain))
#2 /Applications/MAMP/htdocs/yii1.1/framework/web/CController.php(1148): CFilter->filter(Object(CFilterChain))
#3 /Applications/MAMP/htdocs/yii1.1/framework/web/filters/CInlineFilter.php(58): CController->filterAccessControl(Object(CFilterChain))
#4 /Applications/MAMP/htdocs/yii1.1/framework/web/filters/CFilterChain.php(131): CInlineFilter->filter(Object(CFilterChain))
#5 /Applications/MAMP/htdocs/yii1.1/framework/web/CController.php(291): CFilterChain->run()
#6 /Applications/MAMP/htdocs/yii1.1/framework/web/CController.php(265): CController->runActionWithFilters(Object(CInlineAction), Array)
#7 /Applications/MAMP/htdocs/yii1.1/framework/web/CWebApplication.php(282): CController->run('admin')
#8 /Applications/MAMP/htdocs/yii1.1/framework/web/CWebApplication.php(141): CWebApplication->runController('emp/admin')
#9 /Applications/MAMP/htdocs/yii1.1/framework/base/CApplication.php(185): CWebApplication->processRequest()
#10 /Applications/MAMP/htdocs/yii1.1/emp_system/index.php(13): CApplication->run()
#11 {main}
REQUEST_URI=/yii1.1/emp_system/index.php?r=emp/admin
HTTP_REFERER=http://localhost/yii1.1/emp_system/index.php?r=site/login
---
2024/12/09 13:29:26 [error] [exception.CHttpException.403] CHttpException: You are not authorized to perform this action. in /Applications/MAMP/htdocs/yii1.1/framework/web/auth/CAccessControlFilter.php:183
Stack trace:
#0 /Applications/MAMP/htdocs/yii1.1/framework/web/auth/CAccessControlFilter.php(145): CAccessControlFilter->accessDenied(Object(CWebUser), 'You are not aut...')
#1 /Applications/MAMP/htdocs/yii1.1/framework/web/filters/CFilter.php(38): CAccessControlFilter->preFilter(Object(CFilterChain))
#2 /Applications/MAMP/htdocs/yii1.1/framework/web/CController.php(1148): CFilter->filter(Object(CFilterChain))
#3 /Applications/MAMP/htdocs/yii1.1/framework/web/filters/CInlineFilter.php(58): CController->filterAccessControl(Object(CFilterChain))
#4 /Applications/MAMP/htdocs/yii1.1/framework/web/filters/CFilterChain.php(131): CInlineFilter->filter(Object(CFilterChain))
#5 /Applications/MAMP/htdocs/yii1.1/framework/web/CController.php(291): CFilterChain->run()
#6 /Applications/MAMP/htdocs/yii1.1/framework/web/CController.php(265): CController->runActionWithFilters(Object(CInlineAction), Array)
#7 /Applications/MAMP/htdocs/yii1.1/framework/web/CWebApplication.php(282): CController->run('admin')
#8 /Applications/MAMP/htdocs/yii1.1/framework/web/CWebApplication.php(141): CWebApplication->runController('emp/admin')
#9 /Applications/MAMP/htdocs/yii1.1/framework/base/CApplication.php(185): CWebApplication->processRequest()
#10 /Applications/MAMP/htdocs/yii1.1/emp_system/index.php(13): CApplication->run()
#11 {main}
REQUEST_URI=/yii1.1/emp_system/index.php?r=emp/admin
HTTP_REFERER=http://localhost/yii1.1/emp_system/index.php?r=site/login
---
2024/12/09 13:29:39 [error] [exception.CHttpException.403] CHttpException: You are not authorized to perform this action. in /Applications/MAMP/htdocs/yii1.1/framework/web/auth/CAccessControlFilter.php:183
Stack trace:
#0 /Applications/MAMP/htdocs/yii1.1/framework/web/auth/CAccessControlFilter.php(145): CAccessControlFilter->accessDenied(Object(CWebUser), 'You are not aut...')
#1 /Applications/MAMP/htdocs/yii1.1/framework/web/filters/CFilter.php(38): CAccessControlFilter->preFilter(Object(CFilterChain))
#2 /Applications/MAMP/htdocs/yii1.1/framework/web/CController.php(1148): CFilter->filter(Object(CFilterChain))
#3 /Applications/MAMP/htdocs/yii1.1/framework/web/filters/CInlineFilter.php(58): CController->filterAccessControl(Object(CFilterChain))
#4 /Applications/MAMP/htdocs/yii1.1/framework/web/filters/CFilterChain.php(131): CInlineFilter->filter(Object(CFilterChain))
#5 /Applications/MAMP/htdocs/yii1.1/framework/web/CController.php(291): CFilterChain->run()
#6 /Applications/MAMP/htdocs/yii1.1/framework/web/CController.php(265): CController->runActionWithFilters(Object(CInlineAction), Array)
#7 /Applications/MAMP/htdocs/yii1.1/framework/web/CWebApplication.php(282): CController->run('admin')
#8 /Applications/MAMP/htdocs/yii1.1/framework/web/CWebApplication.php(141): CWebApplication->runController('emp/admin')
#9 /Applications/MAMP/htdocs/yii1.1/framework/base/CApplication.php(185): CWebApplication->processRequest()
#10 /Applications/MAMP/htdocs/yii1.1/emp_system/index.php(13): CApplication->run()
#11 {main}
REQUEST_URI=/yii1.1/emp_system/index.php?r=emp/admin
HTTP_REFERER=http://localhost/yii1.1/emp_system/index.php?r=emp/index
---
